<?xml version="1.0" encoding="UTF-8"?>
<!-- Generated by org.testng.reporters.JUnitReportReporter -->
<testsuite hostname="DESKTOP-0P7RLK5" failures="0" tests="1" name="GoibeboPages.Home" time="55.234" errors="0" timestamp="22 Feb 2019 06:53:47 GMT" skipped="0">
  <testcase classname="GoibeboPages.Home" name="Homepage" time="55.234"/>
</testsuite> <!-- GoibeboPages.Home -->
