<?xml version="1.0" encoding="UTF-8"?>
<!-- Generated by org.testng.reporters.JUnitReportReporter -->
<testsuite hostname="DESKTOP-0P7RLK5" failures="0" tests="1" name="com.first.Execeljava" time="1.067" errors="0" timestamp="10 Mar 2019 09:28:25 GMT" skipped="0">
  <testcase classname="com.first.Execeljava" name="DisplayData" time="1.067"/>
</testsuite> <!-- com.first.Execeljava -->
