<?xml version="1.0" encoding="UTF-8"?>
<!-- Generated by org.testng.reporters.JUnitReportReporter -->
<testsuite hostname="DESKTOP-0P7RLK5" failures="0" tests="1" name="com.Flipcart.pages.Treeset" time="0.032" errors="0" timestamp="17 Jan 2019 18:39:02 GMT" skipped="0">
  <testcase classname="com.Flipcart.pages.Treeset" name="set" time="0.032"/>
</testsuite> <!-- com.Flipcart.pages.Treeset -->
