<?xml version="1.0" encoding="UTF-8"?>
<!-- Generated by org.testng.reporters.JUnitReportReporter -->
<testsuite hostname="DESKTOP-0P7RLK5" failures="0" tests="1" name="com.Flipcart.java.actions" time="40.089" errors="0" timestamp="17 Jan 2019 19:34:26 GMT" skipped="0">
  <testcase classname="com.Flipcart.java.actions" name="ddl" time="40.089"/>
</testsuite> <!-- com.Flipcart.java.actions -->
