<?xml version="1.0" encoding="UTF-8"?>
<!-- Generated by org.testng.reporters.JUnitReportReporter -->
<testsuite hostname="DESKTOP-0P7RLK5" failures="0" tests="1" name="GoibeboPages.OptionPages" time="33.671" errors="0" timestamp="21 Feb 2019 18:41:54 GMT" skipped="0">
  <testcase classname="GoibeboPages.OptionPages" name="options" time="33.671"/>
</testsuite> <!-- GoibeboPages.OptionPages -->
