<?xml version="1.0" encoding="UTF-8"?>
<!-- Generated by org.testng.reporters.JUnitReportReporter -->
<testsuite hostname="DESKTOP-0P7RLK5" failures="0" tests="1" name="com.first.LoginPagesTest" time="42.231" errors="0" timestamp="17 Jan 2019 18:34:49 GMT" skipped="0">
  <testcase classname="com.first.LoginPagesTest" name="Login" time="42.231"/>
</testsuite> <!-- com.first.LoginPagesTest -->
