<?xml version="1.0" encoding="UTF-8"?>
<!-- Generated by org.testng.reporters.JUnitReportReporter -->
<testsuite hostname="DESKTOP-0P7RLK5" failures="0" tests="1" name="com.db.Datap" time="0.011" errors="0" timestamp="24 Jan 2019 09:03:11 GMT" skipped="0">
  <testcase classname="com.db.Datap" name="M3" time="0.011"/>
</testsuite> <!-- com.db.Datap -->
