<?xml version="1.0" encoding="UTF-8"?>
<!-- Generated by org.testng.reporters.JUnitReportReporter -->
<testsuite hostname="DESKTOP-0P7RLK5" failures="0" tests="1" name="com.db.Read" time="1.006" errors="0" timestamp="22 Feb 2019 16:00:44 GMT" skipped="0">
  <testcase classname="com.db.Read" name="Readdata" time="1.006"/>
</testsuite> <!-- com.db.Read -->
