<?xml version="1.0" encoding="UTF-8"?>
<!-- Generated by org.testng.reporters.JUnitReportReporter -->
<testsuite hostname="DESKTOP-0P7RLK5" failures="0" tests="1" name="com.db.Selenium" time="0.530" errors="0" timestamp="09 Jan 2019 09:14:56 GMT" skipped="0">
  <testcase classname="com.db.Selenium" name="TestDb" time="0.530"/>
</testsuite> <!-- com.db.Selenium -->
