<?xml version="1.0" encoding="UTF-8"?>
<!-- Generated by org.testng.reporters.JUnitReportReporter -->
<testsuite hostname="DESKTOP-0P7RLK5" failures="0" tests="1" name="com.db.Arry" time="0.014" errors="0" timestamp="22 Feb 2019 07:06:36 GMT" skipped="0">
  <testcase classname="com.db.Arry" name="array" time="0.014"/>
</testsuite> <!-- com.db.Arry -->
