<?xml version="1.0" encoding="UTF-8"?>
<!-- Generated by org.testng.reporters.JUnitReportReporter -->
<testsuite hostname="DESKTOP-0P7RLK5" failures="0" tests="1" name="com.first.Homepage" time="39.122" errors="0" timestamp="17 Jan 2019 20:31:22 GMT" skipped="0">
  <testcase classname="com.first.Homepage" name="openbrowser" time="39.122"/>
</testsuite> <!-- com.first.Homepage -->
