<?xml version="1.0" encoding="UTF-8"?>
<!-- Generated by org.testng.reporters.JUnitReportReporter -->
<testsuite hostname="DESKTOP-0P7RLK5" failures="0" tests="1" name="DataBase.DBSelenium.simple" time="43.597" errors="0" timestamp="14 Jan 2019 18:41:22 GMT" skipped="0">
  <testcase classname="DataBase.DBSelenium.simple" name="Startup" time="43.597"/>
</testsuite> <!-- DataBase.DBSelenium.simple -->
