<?xml version="1.0" encoding="UTF-8"?>
<!-- Generated by org.testng.reporters.JUnitReportReporter -->
<testsuite hostname="DESKTOP-0P7RLK5" failures="0" tests="1" name="Goibebo.OpenBrowser" time="45.860" errors="0" timestamp="19 Feb 2019 18:45:28 GMT" skipped="0">
  <testcase classname="Goibebo.OpenBrowser" name="openbrowser" time="45.860"/>
</testsuite> <!-- Goibebo.OpenBrowser -->
