<?xml version="1.0" encoding="UTF-8"?>
<!-- Generated by org.testng.reporters.JUnitReportReporter -->
<testsuite hostname="DESKTOP-0P7RLK5" failures="0" tests="1" name="DataBase.DBSelenium.Exceldb" time="0.980" errors="0" timestamp="03 Jan 2019 17:51:35 GMT" skipped="0">
  <testcase classname="DataBase.DBSelenium.Exceldb" name="Readdata" time="0.980"/>
</testsuite> <!-- DataBase.DBSelenium.Exceldb -->
