<?xml version="1.0" encoding="UTF-8"?>
<!-- Generated by org.testng.reporters.JUnitReportReporter -->
<testsuite hostname="DESKTOP-0P7RLK5" failures="0" tests="1" name="com.Flipcart.java.ddl" time="45.196" errors="0" timestamp="17 Jan 2019 19:19:21 GMT" skipped="0">
  <testcase classname="com.Flipcart.java.ddl" name="Loginap" time="45.196"/>
</testsuite> <!-- com.Flipcart.java.ddl -->
